# JRE version: Java(TM) SE Runtime Environment (8.0_181-b13) (build 1.8.0_181-b13)
# Java VM: Java HotSpot(TM) 64-Bit Server VM (25.181-b13 mixed mode linux-amd64 compressed oops)
Heap:
 PSYoungGen      total 135680K, used 13312K [0x00000000d8000000, 0x00000000e1200000, 0x0000000100000000)
  eden space 122368K, 0% used [0x00000000d8000000,0x00000000d8000000,0x00000000df780000)
  from space 13312K, 100% used [0x00000000df780000,0x00000000e0480000,0x00000000e0480000)
  to   space 12800K, 0% used [0x00000000e0480000,0x00000000e0480000,0x00000000e1100000)
 ParOldGen       total 81920K, used 17086K [0x0000000088000000, 0x000000008d000000, 0x00000000d8000000)
  object space 81920K, 20% used [0x0000000088000000,0x00000000890afb10,0x000000008d000000)
 Metaspace       used 20587K, capacity 21220K, committed 21296K, reserved 1069056K
  class space    used 2410K, capacity 2605K, committed 2608K, reserved 1048576K
GC Heap History (10 events):
Event: 1.299 GC heap after
Heap after GC invocations=2 (full 0):
 PSYoungGen      total 35840K, used 5103K [0x00000000d8000000, 0x00000000dc600000, 0x0000000100000000)
  eden space 30720K, 0% used [0x00000000d8000000,0x00000000d8000000,0x00000000d9e00000)
  from space 5120K, 99% used [0x00000000da300000,0x00000000da7fbeb0,0x00000000da800000)
  to   space 5120K, 0% used [0x00000000d9e00000,0x00000000d9e00000,0x00000000da300000)
 ParOldGen       total 81920K, used 1737K [0x0000000088000000, 0x000000008d000000, 0x00000000d8000000)
  object space 81920K, 2% used [0x0000000088000000,0x00000000881b2628,0x000000008d000000)
 Metaspace       used 11649K, capacity 11784K, committed 12160K, reserved 1060864K
  class space    used 1463K, capacity 1540K, committed 1664K, reserved 1048576K
}
Event: 2.028 GC heap before
{Heap before GC invocations=3 (full 0):
 PSYoungGen      total 35840K, used 35823K [0x00000000d8000000, 0x00000000dc600000, 0x0000000100000000)
  eden space 30720K, 100% used [0x00000000d8000000,0x00000000d9e00000,0x00000000d9e00000)
  from space 5120K, 99% used [0x00000000da300000,0x00000000da7fbeb0,0x00000000da800000)
  to   space 5120K, 0% used [0x00000000d9e00000,0x00000000d9e00000,0x00000000da300000)
 ParOldGen       total 81920K, used 1737K [0x0000000088000000, 0x000000008d000000, 0x00000000d8000000)
  object space 81920K, 2% used [0x0000000088000000,0x00000000881b2628,0x000000008d000000)
 Metaspace       used 14638K, capacity 14820K, committed 14976K, reserved 1062912K
  class space    used 1825K, capacity 1902K, committed 1920K, reserved 1048576K
Event: 2.034 GC heap after
Heap after GC invocations=3 (full 0):
 PSYoungGen      total 35840K, used 5096K [0x00000000d8000000, 0x00000000dc600000, 0x0000000100000000)
  eden space 30720K, 0% used [0x00000000d8000000,0x00000000d8000000,0x00000000d9e00000)
  from space 5120K, 99% used [0x00000000d9e00000,0x00000000da2fa100,0x00000000da300000)
  to   space 5120K, 0% used [0x00000000dc100000,0x00000000dc100000,0x00000000dc600000)
 ParOldGen       total 81920K, used 2236K [0x0000000088000000, 0x000000008d000000, 0x00000000d8000000)
  object space 81920K, 2% used [0x0000000088000000,0x000000008822f1f0,0x000000008d000000)
 Metaspace       used 14638K, capacity 14820K, committed 14976K, reserved 1062912K
  class space    used 1825K, capacity 1902K, committed 1920K, reserved 1048576K
}
Event: 2.492 GC heap before
{Heap before GC invocations=4 (full 0):
 PSYoungGen      total 35840K, used 35816K [0x00000000d8000000, 0x00000000dc600000, 0x0000000100000000)
  eden space 30720K, 100% used [0x00000000d8000000,0x00000000d9e00000,0x00000000d9e00000)
  from space 5120K, 99% used [0x00000000d9e00000,0x00000000da2fa100,0x00000000da300000)
  to   space 5120K, 0% used [0x00000000dc100000,0x00000000dc100000,0x00000000dc600000)
 ParOldGen       total 81920K, used 2236K [0x0000000088000000, 0x000000008d000000, 0x00000000d8000000)
  object space 81920K, 2% used [0x0000000088000000,0x000000008822f1f0,0x000000008d000000)
 Metaspace       used 16070K, capacity 16272K, committed 16384K, reserved 1062912K
  class space    used 1968K, capacity 2037K, committed 2048K, reserved 1048576K
Event: 2.514 GC heap after
Heap after GC invocations=4 (full 0):
 PSYoungGen      total 66560K, used 5104K [0x00000000d8000000, 0x00000000dc600000, 0x0000000100000000)
  eden space 61440K, 0% used [0x00000000d8000000,0x00000000d8000000,0x00000000dbc00000)
  from space 5120K, 99% used [0x00000000dc100000,0x00000000dc5fc030,0x00000000dc600000)
  to   space 5120K, 0% used [0x00000000dbc00000,0x00000000dbc00000,0x00000000dc100000)
 ParOldGen       total 81920K, used 5862K [0x0000000088000000, 0x000000008d000000, 0x00000000d8000000)
  object space 81920K, 7% used [0x0000000088000000,0x00000000885b9bb0,0x000000008d000000)
 Metaspace       used 16070K, capacity 16272K, committed 16384K, reserved 1062912K
  class space    used 1968K, capacity 2037K, committed 2048K, reserved 1048576K
}
Event: 3.209 GC heap before
{Heap before GC invocations=5 (full 0):
 PSYoungGen      total 66560K, used 66544K [0x00000000d8000000, 0x00000000dc600000, 0x0000000100000000)
  eden space 61440K, 100% used [0x00000000d8000000,0x00000000dbc00000,0x00000000dbc00000)
  from space 5120K, 99% used [0x00000000dc100000,0x00000000dc5fc030,0x00000000dc600000)
  to   space 5120K, 0% used [0x00000000dbc00000,0x00000000dbc00000,0x00000000dc100000)
 ParOldGen       total 81920K, used 5862K [0x0000000088000000, 0x000000008d000000, 0x00000000d8000000)
  object space 81920K, 7% used [0x0000000088000000,0x00000000885b9bb0,0x000000008d000000)
 Metaspace       used 16738K, capacity 17052K, committed 17280K, reserved 1064960K
  class space    used 2010K, capacity 2104K, committed 2176K, reserved 1048576K
Event: 3.250 GC heap after
Heap after GC invocations=5 (full 0):
 PSYoungGen      total 66560K, used 5104K [0x00000000d8000000, 0x00000000e1100000, 0x0000000100000000)
  eden space 61440K, 0% used [0x00000000d8000000,0x00000000d8000000,0x00000000dbc00000)
  from space 5120K, 99% used [0x00000000dbc00000,0x00000000dc0fc010,0x00000000dc100000)
  to   space 12800K, 0% used [0x00000000e0480000,0x00000000e0480000,0x00000000e1100000)
 ParOldGen       total 81920K, used 13342K [0x0000000088000000, 0x000000008d000000, 0x00000000d8000000)
  object space 81920K, 16% used [0x0000000088000000,0x0000000088d07940,0x000000008d000000)
 Metaspace       used 16738K, capacity 17052K, committed 17280K, reserved 1064960K
  class space    used 2010K, capacity 2104K, committed 2176K, reserved 1048576K
}
Event: 3.868 GC heap before
{Heap before GC invocations=6 (full 0):
 PSYoungGen      total 66560K, used 66544K [0x00000000d8000000, 0x00000000e1100000, 0x0000000100000000)
  eden space 61440K, 100% used [0x00000000d8000000,0x00000000dbc00000,0x00000000dbc00000)
  from space 5120K, 99% used [0x00000000dbc00000,0x00000000dc0fc010,0x00000000dc100000)
  to   space 12800K, 0% used [0x00000000e0480000,0x00000000e0480000,0x00000000e1100000)
 ParOldGen       total 81920K, used 13342K [0x0000000088000000, 0x000000008d000000, 0x00000000d8000000)
  object space 81920K, 16% used [0x0000000088000000,0x0000000088d07940,0x000000008d000000)
 Metaspace       used 17175K, capacity 17452K, committed 17792K, reserved 1064960K
  class space    used 2029K, capacity 2144K, committed 2176K, reserved 1048576K
Event: 3.897 GC heap after
Heap after GC invocations=6 (full 0):
 PSYoungGen      total 135168K, used 10016K [0x00000000d8000000, 0x00000000e1200000, 0x0000000100000000)
  eden space 122368K, 0% used [0x00000000d8000000,0x00000000d8000000,0x00000000df780000)
  from space 12800K, 78% used [0x00000000e0480000,0x00000000e0e48020,0x00000000e1100000)
  to   space 13312K, 0% used [0x00000000df780000,0x00000000df780000,0x00000000e0480000)
 ParOldGen       total 81920K, used 13350K [0x0000000088000000, 0x000000008d000000, 0x00000000d8000000)
  object space 81920K, 16% used [0x0000000088000000,0x0000000088d09940,0x000000008d000000)
 Metaspace       used 17175K, capacity 17452K, committed 17792K, reserved 1064960K
  class space    used 2029K, capacity 2144K, committed 2176K, reserved 1048576K
}
Event: 5.862 GC heap before
{Heap before GC invocations=7 (full 0):
 PSYoungGen      total 135168K, used 122411K [0x00000000d8000000, 0x00000000e1200000, 0x0000000100000000)
  eden space 122368K, 91% used [0x00000000d8000000,0x00000000dedc2fd0,0x00000000df780000)
  from space 12800K, 78% used [0x00000000e0480000,0x00000000e0e48020,0x00000000e1100000)
  to   space 13312K, 0% used [0x00000000df780000,0x00000000df780000,0x00000000e0480000)
 ParOldGen       total 81920K, used 13350K [0x0000000088000000, 0x000000008d000000, 0x00000000d8000000)
  object space 81920K, 16% used [0x0000000088000000,0x0000000088d09940,0x000000008d000000)
 Metaspace       used 20587K, capacity 21220K, committed 21296K, reserved 1069056K
  class space    used 2410K, capacity 2605K, committed 2608K, reserved 1048576K

